execve("./part1", ["./part1"], 0x7ffd3e0ebdf0 /* 45 vars */) = 0
brk(NULL)                               = 0x55862833f000
arch_prctl(0x3001 /* ARCH_??? */, 0x7ffce6bacb20) = -1 EINVAL (Invalid argument)
mmap(NULL, 8192, PROT_READ|PROT_WRITE, MAP_PRIVATE|MAP_ANONYMOUS, -1, 0) = 0x7fc21bf82000
access("/etc/ld.so.preload", R_OK)      = -1 ENOENT (No such file or directory)
openat(AT_FDCWD, "/etc/ld.so.cache", O_RDONLY|O_CLOEXEC) = 3
newfstatat(3, "", {st_mode=S_IFREG|0644, st_size=58151, ...}, AT_EMPTY_PATH) = 0
mmap(NULL, 58151, PROT_READ, MAP_PRIVATE, 3, 0) = 0x7fc21bf73000
close(3)                                = 0
openat(AT_FDCWD, "/lib/x86_64-linux-gnu/libc.so.6", O_RDONLY|O_CLOEXEC) = 3
read(3, "\177ELF\2\1\1\3\0\0\0\0\0\0\0\0\3\0>\0\1\0\0\0P\237\2\0\0\0\0\0"..., 832) = 832
pread64(3, "\6\0\0\0\4\0\0\0@\0\0\0\0\0\0\0@\0\0\0\0\0\0\0@\0\0\0\0\0\0\0"..., 784, 64) = 784
pread64(3, "\4\0\0\0 \0\0\0\5\0\0\0GNU\0\2\0\0\300\4\0\0\0\3\0\0\0\0\0\0\0"..., 48, 848) = 48
pread64(3, "\4\0\0\0\24\0\0\0\3\0\0\0GNU\0\302\211\332Pq\2439\235\350\223\322\257\201\326\243\f"..., 68, 896) = 68
newfstatat(3, "", {st_mode=S_IFREG|0755, st_size=2220400, ...}, AT_EMPTY_PATH) = 0
pread64(3, "\6\0\0\0\4\0\0\0@\0\0\0\0\0\0\0@\0\0\0\0\0\0\0@\0\0\0\0\0\0\0"..., 784, 64) = 784
mmap(NULL, 2264656, PROT_READ, MAP_PRIVATE|MAP_DENYWRITE, 3, 0) = 0x7fc21bc00000
mprotect(0x7fc21bc28000, 2023424, PROT_NONE) = 0
mmap(0x7fc21bc28000, 1658880, PROT_READ|PROT_EXEC, MAP_PRIVATE|MAP_FIXED|MAP_DENYWRITE, 3, 0x28000) = 0x7fc21bc28000
mmap(0x7fc21bdbd000, 360448, PROT_READ, MAP_PRIVATE|MAP_FIXED|MAP_DENYWRITE, 3, 0x1bd000) = 0x7fc21bdbd000
mmap(0x7fc21be16000, 24576, PROT_READ|PROT_WRITE, MAP_PRIVATE|MAP_FIXED|MAP_DENYWRITE, 3, 0x215000) = 0x7fc21be16000
mmap(0x7fc21be1c000, 52816, PROT_READ|PROT_WRITE, MAP_PRIVATE|MAP_FIXED|MAP_ANONYMOUS, -1, 0) = 0x7fc21be1c000
close(3)                                = 0
mmap(NULL, 12288, PROT_READ|PROT_WRITE, MAP_PRIVATE|MAP_ANONYMOUS, -1, 0) = 0x7fc21bf70000
arch_prctl(ARCH_SET_FS, 0x7fc21bf70740) = 0
set_tid_address(0x7fc21bf70a10)         = 5711
set_robust_list(0x7fc21bf70a20, 24)     = 0
rseq(0x7fc21bf710e0, 0x20, 0, 0x53053053) = 0
mprotect(0x7fc21be16000, 16384, PROT_READ) = 0
mprotect(0x5586282b8000, 4096, PROT_READ) = 0
mprotect(0x7fc21bfbc000, 8192, PROT_READ) = 0
prlimit64(0, RLIMIT_STACK, NULL, {rlim_cur=8192*1024, rlim_max=RLIM64_INFINITY}) = 0
munmap(0x7fc21bf73000, 58151)           = 0
clone(child_stack=NULL, flags=CLONE_CHILD_CLEARTID|CLONE_CHILD_SETTID|SIGCHLD, child_tidptr=0x7fc21bf70a10) = 5712
mkdir("testing", 000)                   = -1 EEXIST (File exists)
chdir("testing")                        = -1 EACCES (Permission denied)
--- SIGCHLD {si_signo=SIGCHLD, si_code=CLD_EXITED, si_pid=5712, si_uid=1000, si_status=0, si_utime=0, si_stime=0} ---
exit_group(0)                           = ?
+++ exited with 0 +++
